timestamp: 2012-05-14T20:17:55.957000
CREATE TABLE auth_user(
    id INTEGER PRIMARY KEY AUTOINCREMENT,
    first_name CHAR(128),
    last_name CHAR(128),
    email CHAR(512),
    password CHAR(512),
    registration_key CHAR(512),
    reset_password_key CHAR(512),
    registration_id CHAR(512)
);
success!
timestamp: 2012-05-14T20:17:55.967000
CREATE TABLE auth_group(
    id INTEGER PRIMARY KEY AUTOINCREMENT,
    role CHAR(512),
    description TEXT
);
success!
timestamp: 2012-05-14T20:17:55.967000
CREATE TABLE auth_membership(
    id INTEGER PRIMARY KEY AUTOINCREMENT,
    user_id INTEGER REFERENCES auth_user(id) ON DELETE CASCADE,
    group_id INTEGER REFERENCES auth_group(id) ON DELETE CASCADE
);
success!
timestamp: 2012-05-14T20:17:55.977000
CREATE TABLE auth_permission(
    id INTEGER PRIMARY KEY AUTOINCREMENT,
    group_id INTEGER REFERENCES auth_group(id) ON DELETE CASCADE,
    name CHAR(512),
    table_name CHAR(512),
    record_id INTEGER
);
success!
timestamp: 2012-05-14T20:17:55.977000
CREATE TABLE auth_event(
    id INTEGER PRIMARY KEY AUTOINCREMENT,
    time_stamp TIMESTAMP,
    client_ip CHAR(512),
    user_id INTEGER REFERENCES auth_user(id) ON DELETE CASCADE,
    origin CHAR(512),
    description TEXT
);
success!
timestamp: 2012-05-14T20:17:55.997000
CREATE TABLE auth_cas(
    id INTEGER PRIMARY KEY AUTOINCREMENT,
    user_id INTEGER REFERENCES auth_user(id) ON DELETE CASCADE,
    created_on TIMESTAMP,
    service CHAR(512),
    ticket CHAR(512),
    renew CHAR(1)
);
success!
timestamp: 2012-10-26T13:30:59.289000
CREATE TABLE user(
    id INTEGER PRIMARY KEY AUTOINCREMENT,
    userid INTEGER REFERENCES auth_user (id) ON DELETE CASCADE,
    posting_date TIMESTAMP,
    fname CHAR(32),
    lname CHAR(32),
    email CHAR(64)
);
success!
timestamp: 2012-10-26T13:30:59.376000
CREATE TABLE ingredient(
    id INTEGER PRIMARY KEY AUTOINCREMENT,
    name CHAR(64),
    type CHAR(32)
);
success!
timestamp: 2012-10-26T13:30:59.442000
CREATE TABLE combination(
    id INTEGER PRIMARY KEY AUTOINCREMENT,
    name CHAR(64)
);
success!
timestamp: 2012-10-26T13:30:59.525000
CREATE TABLE ingredients_in_combination(
    id INTEGER PRIMARY KEY AUTOINCREMENT,
    ingredientId INTEGER REFERENCES ingredient (id) ON DELETE CASCADE,
    combinationId INTEGER REFERENCES combination (id) ON DELETE CASCADE
);
success!
timestamp: 2012-10-26T13:30:59.687000
CREATE TABLE cooking_method(
    id INTEGER PRIMARY KEY AUTOINCREMENT,
    method CHAR(64),
    combinationId INTEGER REFERENCES combination (id) ON DELETE CASCADE
);
success!
